[debug] [2026-03-07T12:41:44.468Z] ----------------------------------------------------------------------
[debug] [2026-03-07T12:41:44.470Z] Command:       C:\Program Files\nodejs\node.exe C:\Users\Kubilay GÜZEL\AppData\Roaming\npm\node_modules\firebase-tools\lib\bin\firebase.js deploy --only hosting
[debug] [2026-03-07T12:41:44.470Z] CLI Version:   15.0.0
[debug] [2026-03-07T12:41:44.470Z] Platform:      win32
[debug] [2026-03-07T12:41:44.470Z] Node Version:  v24.12.0
[debug] [2026-03-07T12:41:44.470Z] Time:          Sat Mar 07 2026 15:41:44 GMT+0300 (GMT+03:00)
[debug] [2026-03-07T12:41:44.470Z] ----------------------------------------------------------------------
[debug] 
[debug] [2026-03-07T12:41:45.611Z] > command requires scopes: ["email","openid","https://www.googleapis.com/auth/cloudplatformprojects.readonly","https://www.googleapis.com/auth/firebase","https://www.googleapis.com/auth/cloud-platform"]
[debug] [2026-03-07T12:41:45.611Z] > authorizing via signed-in user (kubilayguzel@evrekagroup.com)
[debug] [2026-03-07T12:41:45.611Z] [iam] checking project ipgate-supa-test for permissions ["firebase.projects.get","firebasehosting.sites.update"]
[debug] [2026-03-07T12:41:45.612Z] Checked if tokens are valid: true, expires at: 1772890193656
[debug] [2026-03-07T12:41:45.612Z] Checked if tokens are valid: true, expires at: 1772890193656
[debug] [2026-03-07T12:41:45.613Z] >>> [apiv2][query] POST https://cloudresourcemanager.googleapis.com/v1/projects/ipgate-supa-test:testIamPermissions [none]
[debug] [2026-03-07T12:41:45.613Z] >>> [apiv2][(partial)header] POST https://cloudresourcemanager.googleapis.com/v1/projects/ipgate-supa-test:testIamPermissions x-goog-quota-user=projects/ipgate-supa-test
[debug] [2026-03-07T12:41:45.613Z] >>> [apiv2][body] POST https://cloudresourcemanager.googleapis.com/v1/projects/ipgate-supa-test:testIamPermissions {"permissions":["firebase.projects.get","firebasehosting.sites.update"]}
[debug] [2026-03-07T12:41:46.698Z] <<< [apiv2][status] POST https://cloudresourcemanager.googleapis.com/v1/projects/ipgate-supa-test:testIamPermissions 200
[debug] [2026-03-07T12:41:46.698Z] <<< [apiv2][body] POST https://cloudresourcemanager.googleapis.com/v1/projects/ipgate-supa-test:testIamPermissions {"permissions":["firebase.projects.get","firebasehosting.sites.update"]}
[debug] [2026-03-07T12:41:46.699Z] Checked if tokens are valid: true, expires at: 1772890193656
[debug] [2026-03-07T12:41:46.699Z] Checked if tokens are valid: true, expires at: 1772890193656
[debug] [2026-03-07T12:41:46.700Z] >>> [apiv2][query] GET https://firebase.googleapis.com/v1beta1/projects/ipgate-supa-test [none]
[debug] [2026-03-07T12:41:47.071Z] <<< [apiv2][status] GET https://firebase.googleapis.com/v1beta1/projects/ipgate-supa-test 200
[debug] [2026-03-07T12:41:47.072Z] <<< [apiv2][body] GET https://firebase.googleapis.com/v1beta1/projects/ipgate-supa-test {"projectId":"ipgate-supa-test","projectNumber":"936605979190","displayName":"IPgate-Supa-Test","name":"projects/ipgate-supa-test","resources":{"hostingSite":"ipgate-supa-test"},"state":"ACTIVE","etag":"1_31107795-2edb-4876-9353-d7b21691fbef"}
[info] 
[info] === Deploying to 'ipgate-supa-test'...
[info] 
[info] i  deploying hosting 
[debug] [2026-03-07T12:41:47.101Z] Checked if tokens are valid: true, expires at: 1772890193656
[debug] [2026-03-07T12:41:47.101Z] Checked if tokens are valid: true, expires at: 1772890193656
[debug] [2026-03-07T12:41:47.102Z] >>> [apiv2][query] POST https://firebasehosting.googleapis.com/v1beta1/projects/-/sites/ipgate-supa-test/versions [none]
[debug] [2026-03-07T12:41:47.102Z] >>> [apiv2][body] POST https://firebasehosting.googleapis.com/v1beta1/projects/-/sites/ipgate-supa-test/versions {"status":"CREATED","labels":{"deployment-tool":"cli-firebase"}}
[debug] [2026-03-07T12:41:48.868Z] <<< [apiv2][status] POST https://firebasehosting.googleapis.com/v1beta1/projects/-/sites/ipgate-supa-test/versions 200
[debug] [2026-03-07T12:41:48.868Z] <<< [apiv2][body] POST https://firebasehosting.googleapis.com/v1beta1/projects/-/sites/ipgate-supa-test/versions {"name":"projects/936605979190/sites/ipgate-supa-test/versions/347f6665f748fdbd","status":"CREATED","config":{},"labels":{"deployment-tool":"cli-firebase"}}
[info] i  hosting[ipgate-supa-test]: beginning deploy... 
[info] i  hosting[ipgate-supa-test]: found 118 files in public 
[debug] [2026-03-07T12:41:48.939Z] [hosting] uploading with 200 concurrency
[debug] [2026-03-07T12:41:48.970Z] Checked if tokens are valid: true, expires at: 1772890193656
[debug] [2026-03-07T12:41:48.970Z] Checked if tokens are valid: true, expires at: 1772890193656
[debug] [2026-03-07T12:41:48.972Z] [hosting] hash cache [cHVibGlj] stored for 118 files
[debug] [2026-03-07T12:41:48.973Z] [hosting][hash queue][FINAL] {"max":20,"min":0,"avg":1.6286773086725677,"active":0,"complete":118,"success":118,"errored":0,"retried":0,"total":118,"elapsed":29}
[debug] [2026-03-07T12:41:48.973Z] >>> [apiv2][query] POST https://firebasehosting.googleapis.com/v1beta1/projects/936605979190/sites/ipgate-supa-test/versions/347f6665f748fdbd:populateFiles [none]
[debug] [2026-03-07T12:41:48.973Z] >>> [apiv2][body] POST https://firebasehosting.googleapis.com/v1beta1/projects/936605979190/sites/ipgate-supa-test/versions/347f6665f748fdbd:populateFiles {"files":{"/utils.js":"d1737de5b4c6cdc5bf90c90f82fbff98d4db440cf75209a606a69f4b352c55f3","/user-management.html":"1c168efad2e0e6ba6503445b1da97da5fd7352e356d2634e93962f530ccde3fe","/triggered-tasks.html":"4eccd0f30acbfa9efc915ac47c09639cb557065123c20703cb3bc2dc25df7e30","/trigger-index.html":"cfe8c477310a4278358f9844f8ef459a190ed44bda220a75f7dfc1a4181f4eca","/trademark-similarity-search.html":"f71337ac80af0d5051d3b02ab33359dec8d9fea7e8425506fae7a089d19150ec","/tp-icon.png":"f791ce50e3490d2306f743b3baa50264cc2212e8eaaadd34ab78c79a2ee76938","/tp-file-transfer.html":"49894c24537d9e925afef63b30da34e7bab0b556a5ac4db2c15cac22c6c4d1b7","/task-update.html":"b408cfa491b8acc35d16413ee2242100da25ce1a3c4458e9a4afa315c95f0ee3","/task-management.html":"c71117b4f181cae629903579414ab81622b510ef1876e6c8bb7bef91c6e4b3e1","/supabase-config.js":"03428c9592915501ec354cfd2a3971acb1d67bd5fe3f2ab1b57b966f39bd51b2","/suit-detail.html":"ce9ab0a3bd47983bd8e0430dd396406f02197cfc0ee844903a4dbc50767b7471","/shared_layout_parts.html":"278f6742c99861a9a856f5d35aa40efc165022ac1fcb133823867df25790f822","/scheduled-tasks.html":"8f3dead0f3ed851cbdfd98d7dc640bef8ec5514baad6891767ecf5d77a74baee","/reminders.html":"3708f026e87c8aa0326c023d29b1a483aa3dcc2aa9d9d4f7e95b332a42f113a0","/privacy-policy2.html":"c4eda62ea8b5d31b84dc6049408fab199e8217415a98257fc2001126b306321f","/privacy-policy.html":"baaff39827d6c0aa1929441a5392c1d29e7e84662d80366905071d619dbee293","/portfolio.html":"362802cc34699085c002ec44565b957b4f7de6c39cdc174d89add814ecc2b313","/portfolio-detail.html":"90c06df802e1ededc9d0e3a2abd9e8b44df00dd7ae4b2384b4b18f30d901c9af","/persons.html":"c4c139d086eda19e2764798e23b814033eab3ac75c52e0e6285b5ff284479bcd","/notifications.html":"a20f7d01da1924a65d0aaee983a019e60410d24372702a9fc911b1cf4aa7e3a2","/my-tasks.html":"61e6b6df57e97673e19c471e9db33f3837358e028c260e67e17339e04712c6d8","/monitoring-trademarks.html":"e9fef5fb4c733d0e43532663ab31d538bfa90235f7f527775ccabbbf0e514988","/logo.png":"f0f9f0be13ded13de414458e866b519de11621bdd9a3084a6ba3f25f69bb6c94","/indexing-detail.html":"d110c3d73165abe6d9b79d72a95055279f2b89d4a8b8d577ea19e71a2fe6b9b5","/firebase-config.js":"b6c2b9918195fb690807f1b33664182c7cf6a5837e12c447ba222d1c315b63cc","/favicon.ico":"bcac679aa88d6796a3885781dd51e132f7ea1864b405a3c96c267966a3235e39","/excel-upload.html":"2bb86801a086669ff261a7576888a8cc301cf16e701dfce60870e71284926192","/evreka-logo.png":"c82196a30d8dc53d76fbad93459baac9033a1dbd4e7d99a420b99d949a1161c4","/eklenti-kurulum.html":"6f727a98c87b6885e3788b52e2ef0939bc9ee95d1a0c352580ff080fa631e73b","/data-entry.html":"245fec42442cf0b19fb1a4392704d4dc4d0ac4a544be7bdbfaccdb6e51c1a57c","/dashboard.html":"59e3052f14167259cb46c723473e640d21cd4f92c2c6c2a9a868fd4237fcd2c3","/create-task.html":"9ba4230c26bcf7c99579a6c0ad3e5f8a9d3913bf368ee3ff8c8f7ca58276e36b","/client-pending.html":"ac0cf8d8da4eb4b878ded423fc443eedc3e7832d9d06635a82020080a376bd1b","/bulletin-upload.html":"e9e380c4c3cf00c2d8ab547438eb04b9bdb70cc8d98894fa21a125eb529e6401","/bulletin-search.html":"2929cf97a4418262bed31f9327f66d4b725b48b91e43cfe0a2e891bc3aa4b8d5","/bulk-indexing-page.html":"ed8cbaf4125cc7c55949133e8be0e2088ee1995311fc82e0896d91aa2d0a8a38","/accruals.html":"12644cc9e1c26ce2cf5802f92727702dfac33bd4e6d50598d75b25fd8d964aec","/js/turkpatent-mapper.js":"979f90edd8e9969f5260fdeaf76e5e256eebc98587c41e467cac5e6e3d147228","/js/trademark-similarity-search.js":"c0aa1b8531cd574d6c0ea3137ce05286e9985725816863d178a8283ecfa1cb51","/js/tp-file-transfer.js":"0c49d1d849325028996cd196cc8f1ae940d09ff5461e5a1957be42fcf7f6fd16","/js/table-manager.js":"1b36fcdac8f3b14aa92c74198244e14cbe119bfd251364b4e8c994f1a5af8e2b","/js/simple-loading.js":"07eeb9277980616226879ee177778a1296b9f3a9bd1bb498ce41031f06dda375","/js/pagination.js":"66c3488e3c44ff99b9eb5e88977eeedece31b51db3c0e35f41684e88bf016164","/js/notifications.js":"04e2bd11b646799e664d603356f5c0e01be9a1a3ffb8d4c1cf23e1fd4701c83e","/js/nice-classification.js":"1205af2a43ded02fb0743e097ed52ceb987ebb738037bf4ff262cd66cb4b1963","/js/layout-loader.js":"4ea14560537856dd1ed6fecbb2e3838a0dcc4d0d571a1775a990b99d2ad11bd9","/js/deadline-highlighter.js":"03f447ff2ccb747e1a064e777ae62504adbdcfa989df0a448d8bf0d56f136562","/js/date-pickers.js":"96acce5880fcb416e43122a2daa83176f34539389dd485e35cc1703f0964c83e","/js/create-portfolio-by-opposition.js":"4485148b63cb61cfca94ec98b8676cfe7d3785849b9b75d30c8a40418ce1d281","/js/bulletin-upload.js":"635b7f4bba09938455691073b9cf74e2c490871221246e9da54c4d5adecf9009","/js/bulletin-search.js":"f98cd79539e76dacb5d6c94979d6a29b64a50ffad03f9269dbbcbff9a8ff25df","/js/trademark-similarity/visual-match.js":"51527de5b9354a44ef0916a076149e3ea5c206e8d9db2741e81f29f3b7b62cab","/js/trademark-similarity/scorer.js":"e94430abb1fd1f0cdb2907e7a2d51efd65cc3a01d570941f4bf931c81e6a83ee","/js/trademark-similarity/run-search.js":"0f4ae3a1f5e195d0a2a3a40238ebe9b3b471c6bcfe71445bd0de2a984ac15694","/js/trademark-similarity/preprocess.js":"41c2d80c84d7bfc07c6caf7f1ff8d36a2afec61cad9d4ad048aa1328163dd04f","/js/trademark-similarity/phonetic.js":"dadd09d845c6422668792fefecacf84187cad4d31de52e019900e515e16b2af1","/js/trademark-similarity/filters.js":"f936c1f32206a9785a961bd7f05ae266b168db63b113f857562f0db3ab063f8e","/js/task-update/TaskUpdateUIManager.js":"ac058596257625711b35e823a50685ebc43a5605b7c37e11a52539a71ba28d92","/js/task-update/TaskUpdateDataManager.js":"3bbe9df39309aa6d8df3bff3bacbb09f04313173432a6fab35405498a661d091","/js/task-update/main.js":"120420aed0fcbdefd9a614270b8a8102aa71cb55767f3a37da3bcbe18d649990","/js/task-management/triggered-tasks.js":"07d726dc8ba85748c6efc176a5dcd9bc681b245380504584051fef523cb01c87","/js/task-management/my-tasks.js":"45759a35b5148e95ebfa6b665f1e2c112e0b4a2311554c0f01f904d2b4ee12e4","/js/task-management/main.js":"e6934c3c5b7e03af342381d9c494dcdbebf2aed05292f6aca52aea4775b2b082","/js/portfolio/TransactionHelper.js":"72e7f913a546ad842f26f55d82e98dc54b117e888b8d856c49c8e1a2bd704d27","/js/portfolio/PortfolioRenderer.js":"37d65fb382d5889bd4ad8ce038b0a03a329d09b74b0efffc52516e1150c293c7","/js/portfolio/PortfolioDetailManager.js":"999345364a176a89409f97d22d70165f82cc32b1a18a9cc38c03a3c7a3d31acc","/js/portfolio/PortfolioDataManager.js":"d9c6f08126027fe97bb8ffded2a27a895e2d2d169053edb37f6cdb2a24941a84","/js/portfolio/main.js":"ea43b28e7ec846cb28d91e852f489136c0cd86958a8beefc280a203ea21dd2e3","/js/persons/PersonUIManager.js":"674de92ccba396e424701f195752520402114ebac7dbc22ef30b83601eba92b8","/js/persons/PersonDataManager.js":"6e184953d9972bfa2199e7708664e92dc8f80af780ccb2f12d6ca342eca74024","/js/monitoring/MonitoringRenderer.js":"2784dd1199de33a05578c024a38c42448245c7af86180baf743f79f61a8479e8","/js/monitoring/MonitoringDataManager.js":"f7e0681f40e7198f68b36d0481b76f51f8cbc3114ae4917f2a4728b86009d7d1","/js/monitoring/main.js":"3c7c4043744222237dc20459634e760f342dedbb427ca4d2ae367bd1618e3d24","/js/indexing/record-matcher.js":"cfaa675559d6dc2f308b29b255732c5fa3fd682c2b74cbe8948514cd274086f8","/js/indexing/portfolio-update-manager.js":"6db4cd57b9b924823c27a53ed87f785aaab83380aa3e14755d90298af9ae407b","/js/indexing/manuel-pdf-transaction-manager.js":"7475c7f6d39b374d8c04ba0c36978d97608f39b50b9e2ff5c471a7a9fff9aebc","/js/indexing/filename-parser.js":"5c8c4ab8dfd5915fb65fac6d192a5b85ec40c3671bee616ff35a4774b5477d3a","/js/indexing/etebs-manager.js":"189d79cd20aeca93c64124218272e32c52a570e8dd4ba3fd1514b4b8b8f3f9dd","/js/indexing/epats-ui-manager.js":"f4fd2729019e26caecdc0a9327e7edb0cd8ac607fa316954d414421501792a51","/js/indexing/document-review-manager.js":"4763f81f896fb39dedf32d0d00f6010499ffba3577a36e658cf0dac826b21f39","/js/data-entry/strategies.js":"cf90437192abc0385f6df28b5d6848f63034c5dcce6c858afdd2cb3686227b6d","/js/data-entry/form-templates.js":"2b264d78d07a6e5598b8e738aeef8ccfccc02cd5257a69c4bfdc7f8c9b2abd29","/js/data-entry/data-entry.js":"8ecfc92c1b58ba8da182568f529eee58040555f81ea3b62f87131a7638cd63d1","/js/create-task/TaskValidator.js":"0895d9698194636e6ff55aa8d3a6df55080ab1170dd780fd340716a6a255bd3d","/js/create-task/TaskUIManager.js":"946ca5ab44b285fa589188325aee06d215fd461596159710d6de862a5a7482b5","/js/create-task/TaskSubmitHandler.js":"db7b709fdead5f8e3ffae9384922d0de5a6ab723ee71399c324c5bec7011a516","/js/create-task/TaskDataManager.js":"696a52e3dfc16c880a21dea06ed2a0d6901e4d9b8408b4fb9201fce743da8af8","/js/create-task/TaskConstants.js":"63dbbdc47891b641392064ac1bf16664787ee2cda6b782d3dcd5c11387e93fc2","/js/create-task/main.js":"3d62dcffbc18d80c755d674c16a22f9bda2b7092fd6bc650d78319104f46ede2","/js/components/TaskDetailManager.js":"955a5c2690aecc234db598727cfdac1deb972f100f845bc46b4885a9769682d2","/js/components/PersonModalManager.js":"ef55fb1ef5d77aa7c1aee993bd9c4ac3fb3cc9a64736a66e996f13c812df71af","/js/components/AccrualFormManager.js":"c2c31bca3235b076033b0a1991966551032f2584cf0fb5e6ee6a5e32c40ba3e5","/js/client-portal/TaskManager.js":"c80974d9117717d1c3530d149366b14d0ac170a07e90aeaf52eaa2bddd42e248","/js/client-portal/RenderHelper.js":"78e0627eb19a7e1e9ef581f54e5dc480b7d5f3dd8d8ffd8a84f11fa8ba2008ef","/js/client-portal/PortfolioManager.js":"928a45f37c764e3c3fdf1d2f57314eeb225f44581111f82bfe071d7ddf01d9d9","/js/client-portal/main.js":"d28e660d606af612417ab6c6912e26a982d3135883fe852d7945340f7a21fbdb","/js/client-portal/InvoiceManager.js":"0490c4560ac842647357fddbfda12b96276fd6c69a7a4fc3a362e8302fb0e333","/js/client-portal/ContractManager.js":"fde4f49adfb55df15b553b19196420ca44a77299145bd6f568c5e03e46830697","/js/client-portal/AuthManager.js":"ad8ccc22d68b5bbe0e1634e0b5254495e076bf085fe7304b50e4e9f7b8d5132f","/js/accrual-management/main.js":"1cf265b0a9749586c97a7dcb3a8dae86d6016fb1665e1996d9a7d2fbfbe918d0","/js/accrual-management/AccrualUIManager.js":"77049d737523b69678c5f27736dfb4a75f3fa3bb25aadb4a6618fbbf35a89627","/js/accrual-management/AccrualDataManager.js":"41570d7969ef2b2b072f51dbf05e240714da6bb3e6947e11b64b7cac17dfd9a4","/functions/utils.js":"7607195d4b93ba60acffaa924e2687695ea7020eea64f5eb5785dc8210e55cca","/functions/package.json":"0fbcf16458217ab3f16d6565058a936acc194b5b8274e61163f3317281bd806e","/functions/package-lock.json":"68bd74f18d0fd5924fe6c4fa630482dcdb2135c2a6129ea47b39a081646a24e7","/functions/index.js":"afff5ed49dc31b1b709039537cac41e63ae0749834e91666ca70100ebb929039","/functions/handleBatch.js":"0bac6f87ead7334d79d13bfe455f462d109173243dee929e34c2ff23a3cb7ac6","/functions/env.json":"36037b71a009ad2b3c5ab99e11510c49c5180cdd2f8676f58759d72819c3c250","/css/trademark-search.css":"e48b834e47689bd26f45c6f8e05814512d76bcc1a3a1d4808df993e7b34706a4","/css/task-update.css":"38784db100413750eb279465723371286aa42ccb345d0cb60b9fb3862dcdea6b","/css/task-management.css":"49529401a1105916a15e172a0b2b1c6a3f98b86c1eecf4b885ae892d164489fa","/css/simple-loading.css":"522cee0b97f1d79a54378170cc34921018fa0d5098d113892c13b5ea4f8f4dc3","/css/shared-styles.css":"afb1fecb0e5d9697459251f9b82e0673688ae4ab614c117c671b0f00c6a58479","/css/persons.css":"087ddf0c6fdd07968e385b1ade85621d76e634e597e2939a93e5de315b5430a8","/css/deadline-highlighter.css":"ce70d494285bf1bb452a428ce878b3b30698652ea0abc134c245db83e6a7b0e2","/css/data-entry.css":"190c5da0998f4a0883b080333bcd04af8e52ee194f81609e44c1b89bf9fce247","/index.html":"907ae6b5daf73a8b47ff4d7be9be0790261fe3451d05123d63a6e96cfc54aabf","/client-portal.html":"745c77bedb33613b2c14cbfafc152bf024c33cf2ab8d4e6e04004d176183eb3f"}}
[debug] [2026-03-07T12:41:50.095Z] <<< [apiv2][status] POST https://firebasehosting.googleapis.com/v1beta1/projects/936605979190/sites/ipgate-supa-test/versions/347f6665f748fdbd:populateFiles 200
[debug] [2026-03-07T12:41:50.095Z] <<< [apiv2][body] POST https://firebasehosting.googleapis.com/v1beta1/projects/936605979190/sites/ipgate-supa-test/versions/347f6665f748fdbd:populateFiles {"uploadRequiredHashes":["745c77bedb33613b2c14cbfafc152bf024c33cf2ab8d4e6e04004d176183eb3f"],"uploadUrl":"https://upload-firebasehosting.googleapis.com/upload/sites/ipgate-supa-test/versions/347f6665f748fdbd/files"}
[debug] [2026-03-07T12:41:50.096Z] Checked if tokens are valid: true, expires at: 1772890193656
[debug] [2026-03-07T12:41:50.097Z] Checked if tokens are valid: true, expires at: 1772890193656
[debug] [2026-03-07T12:41:50.097Z] >>> [apiv2][query] POST https://upload-firebasehosting.googleapis.com/upload/sites/ipgate-supa-test/versions/347f6665f748fdbd/files/745c77bedb33613b2c14cbfafc152bf024c33cf2ab8d4e6e04004d176183eb3f [none]
[debug] [2026-03-07T12:41:50.097Z] >>> [apiv2][body] POST https://upload-firebasehosting.googleapis.com/upload/sites/ipgate-supa-test/versions/347f6665f748fdbd/files/745c77bedb33613b2c14cbfafc152bf024c33cf2ab8d4e6e04004d176183eb3f [stream]
[debug] [2026-03-07T12:41:50.100Z] [hosting][populate queue][FINAL] {"max":1127,"min":1127,"avg":1127,"active":0,"complete":1,"success":1,"errored":0,"retried":0,"total":1,"elapsed":1130}
[debug] [2026-03-07T12:41:50.101Z] [hosting] uploads queued: 1
[debug] [2026-03-07T12:41:51.177Z] <<< [apiv2][status] POST https://upload-firebasehosting.googleapis.com/upload/sites/ipgate-supa-test/versions/347f6665f748fdbd/files/745c77bedb33613b2c14cbfafc152bf024c33cf2ab8d4e6e04004d176183eb3f 200
[debug] [2026-03-07T12:41:51.177Z] <<< [apiv2][body] POST https://upload-firebasehosting.googleapis.com/upload/sites/ipgate-supa-test/versions/347f6665f748fdbd/files/745c77bedb33613b2c14cbfafc152bf024c33cf2ab8d4e6e04004d176183eb3f [stream]
[debug] [2026-03-07T12:41:51.178Z] [hosting][upload queue][FINAL] {"max":1083,"min":1083,"avg":1083,"active":0,"complete":1,"success":1,"errored":0,"retried":0,"total":1,"elapsed":1083}
[info] +  hosting[ipgate-supa-test]: file upload complete 
[debug] [2026-03-07T12:41:51.181Z] [hosting] deploy completed after 2304ms
[debug] [2026-03-07T12:41:51.181Z] [
  {
    "config": {
      "public": "public",
      "ignore": [
        "firebase.json",
        "**/.*",
        "**/node_modules/**"
      ],
      "cleanUrls": false,
      "trailingSlash": false,
      "rewrites": [
        {
          "source": "/tp-sorgu",
          "destination": "/tp-sorgu.html"
        },
        {
          "source": "/tp-sorgu.html",
          "destination": "/tp-sorgu.html"
        },
        {
          "source": "**",
          "destination": "/index.html"
        }
      ],
      "headers": [
        {
          "source": "**/*.@(html|js|css)",
          "headers": [
            {
              "key": "Cache-Control",
              "value": "no-cache, no-store, must-revalidate"
            }
          ]
        }
      ],
      "site": "ipgate-supa-test"
    },
    "version": "projects/936605979190/sites/ipgate-supa-test/versions/347f6665f748fdbd"
  }
]
[info] i  hosting[ipgate-supa-test]: finalizing version... 
[debug] [2026-03-07T12:41:51.187Z] Checked if tokens are valid: true, expires at: 1772890193656
[debug] [2026-03-07T12:41:51.187Z] Checked if tokens are valid: true, expires at: 1772890193656
[debug] [2026-03-07T12:41:51.187Z] >>> [apiv2][query] PATCH https://firebasehosting.googleapis.com/v1beta1/projects/-/sites/ipgate-supa-test/versions/347f6665f748fdbd updateMask=status%2Cconfig
[debug] [2026-03-07T12:41:51.188Z] >>> [apiv2][body] PATCH https://firebasehosting.googleapis.com/v1beta1/projects/-/sites/ipgate-supa-test/versions/347f6665f748fdbd {"status":"FINALIZED","config":{"rewrites":[{"glob":"/tp-sorgu","path":"/tp-sorgu.html"},{"glob":"/tp-sorgu.html","path":"/tp-sorgu.html"},{"glob":"**","path":"/index.html"}],"headers":[{"glob":"**/*.@(html|js|css)","headers":{"Cache-Control":"no-cache, no-store, must-revalidate"}}],"cleanUrls":false,"trailingSlashBehavior":"REMOVE"}}
